{"/Users/katesemenova/yandex/yndx-shri-hw-react/api/src/utils/index.js":{"path":"/Users/katesemenova/yandex/yndx-shri-hw-react/api/src/utils/index.js","s":{"1":1,"2":1,"3":1,"4":1,"5":1,"6":1,"7":1,"8":1,"9":1,"10":1,"11":1},"b":{},"f":{},"fnMap":{},"statementMap":{"1":{"start":{"line":1,"column":0},"end":{"line":1,"column":49}},"2":{"start":{"line":2,"column":0},"end":{"line":2,"column":37}},"3":{"start":{"line":3,"column":0},"end":{"line":3,"column":55}},"4":{"start":{"line":4,"column":0},"end":{"line":4,"column":61}},"5":{"start":{"line":5,"column":0},"end":{"line":5,"column":47}},"6":{"start":{"line":6,"column":0},"end":{"line":6,"column":37}},"7":{"start":{"line":7,"column":0},"end":{"line":7,"column":33}},"8":{"start":{"line":8,"column":0},"end":{"line":8,"column":57}},"9":{"start":{"line":9,"column":0},"end":{"line":9,"column":35}},"10":{"start":{"line":10,"column":0},"end":{"line":10,"column":47}},"11":{"start":{"line":12,"column":0},"end":{"line":23,"column":2}}},"branchMap":{}},"/Users/katesemenova/yandex/yndx-shri-hw-react/api/src/utils/getDirectoryName.js":{"path":"/Users/katesemenova/yandex/yndx-shri-hw-react/api/src/utils/getDirectoryName.js","s":{"1":1,"2":1},"b":{},"f":{},"fnMap":{},"statementMap":{"1":{"start":{"line":1,"column":0},"end":{"line":3,"column":2}},"2":{"start":{"line":2,"column":4},"end":{"line":2,"column":29}}},"branchMap":{}},"/Users/katesemenova/yandex/yndx-shri-hw-react/api/src/utils/getRepoNameFromPath.js":{"path":"/Users/katesemenova/yandex/yndx-shri-hw-react/api/src/utils/getRepoNameFromPath.js","s":{"1":1,"2":2},"b":{"1":[1,1]},"f":{},"fnMap":{},"statementMap":{"1":{"start":{"line":1,"column":0},"end":{"line":3,"column":2}},"2":{"start":{"line":2,"column":4},"end":{"line":2,"column":81}}},"branchMap":{"1":{"line":2,"type":"cond-expr","locations":[{"start":{"line":2,"column":39},"end":{"line":2,"column":69}},{"start":{"line":2,"column":72},"end":{"line":2,"column":80}}]}}},"/Users/katesemenova/yandex/yndx-shri-hw-react/api/src/utils/removePrefix.js":{"path":"/Users/katesemenova/yandex/yndx-shri-hw-react/api/src/utils/removePrefix.js","s":{"1":1,"2":2,"3":2},"b":{"1":[1,1]},"f":{},"fnMap":{},"statementMap":{"1":{"start":{"line":1,"column":0},"end":{"line":4,"column":2}},"2":{"start":{"line":2,"column":4},"end":{"line":2,"column":45}},"3":{"start":{"line":3,"column":4},"end":{"line":3,"column":55}}},"branchMap":{"1":{"line":3,"type":"cond-expr","locations":[{"start":{"line":3,"column":23},"end":{"line":3,"column":48}},{"start":{"line":3,"column":51},"end":{"line":3,"column":54}}]}}},"/Users/katesemenova/yandex/yndx-shri-hw-react/api/src/utils/cleanRelativePath.js":{"path":"/Users/katesemenova/yandex/yndx-shri-hw-react/api/src/utils/cleanRelativePath.js","s":{"1":1,"2":0,"3":0,"4":0,"5":0,"6":0,"7":0},"b":{"1":[0,0],"2":[0,0,0],"3":[0,0],"4":[0,0,0]},"f":{},"fnMap":{},"statementMap":{"1":{"start":{"line":1,"column":0},"end":{"line":12,"column":2}},"2":{"start":{"line":2,"column":4},"end":{"line":4,"column":5}},"3":{"start":{"line":3,"column":8},"end":{"line":3,"column":25}},"4":{"start":{"line":6,"column":4},"end":{"line":6,"column":43}},"5":{"start":{"line":7,"column":4},"end":{"line":9,"column":5}},"6":{"start":{"line":8,"column":8},"end":{"line":8,"column":30}},"7":{"start":{"line":11,"column":4},"end":{"line":11,"column":18}}},"branchMap":{"1":{"line":2,"type":"if","locations":[{"start":{"line":2,"column":4},"end":{"line":2,"column":4}},{"start":{"line":2,"column":4},"end":{"line":2,"column":4}}]},"2":{"line":2,"type":"binary-expr","locations":[{"start":{"line":2,"column":8},"end":{"line":2,"column":13}},{"start":{"line":2,"column":17},"end":{"line":2,"column":36}},{"start":{"line":2,"column":40},"end":{"line":2,"column":60}}]},"3":{"line":7,"type":"if","locations":[{"start":{"line":7,"column":4},"end":{"line":7,"column":4}},{"start":{"line":7,"column":4},"end":{"line":7,"column":4}}]},"4":{"line":7,"type":"binary-expr","locations":[{"start":{"line":7,"column":8},"end":{"line":7,"column":21}},{"start":{"line":7,"column":25},"end":{"line":7,"column":31}},{"start":{"line":7,"column":35},"end":{"line":7,"column":56}}]}}},"/Users/katesemenova/yandex/yndx-shri-hw-react/api/src/utils/getFirstPart.js":{"path":"/Users/katesemenova/yandex/yndx-shri-hw-react/api/src/utils/getFirstPart.js","s":{"1":1,"2":0,"3":0},"b":{},"f":{},"fnMap":{},"statementMap":{"1":{"start":{"line":1,"column":0},"end":{"line":4,"column":2}},"2":{"start":{"line":2,"column":4},"end":{"line":2,"column":35}},"3":{"start":{"line":3,"column":4},"end":{"line":3,"column":31}}},"branchMap":{}}}