TN:
SF:/Users/katesemenova/yandex/yndx-shri-hw-react/api/src/utils/index.js
FNF:0
FNH:0
DA:1,1
DA:2,1
DA:3,1
DA:4,1
DA:5,1
DA:6,1
DA:7,1
DA:8,1
DA:9,1
DA:10,1
DA:12,1
LF:11
LH:11
BRF:0
BRH:0
end_of_record
TN:
SF:/Users/katesemenova/yandex/yndx-shri-hw-react/api/src/utils/getDirectoryName.js
FNF:0
FNH:0
DA:1,1
DA:2,1
LF:2
LH:2
BRF:0
BRH:0
end_of_record
TN:
SF:/Users/katesemenova/yandex/yndx-shri-hw-react/api/src/utils/getRepoNameFromPath.js
FNF:0
FNH:0
DA:1,1
DA:2,2
LF:2
LH:2
BRDA:2,1,0,1
BRDA:2,1,1,1
BRF:2
BRH:2
end_of_record
TN:
SF:/Users/katesemenova/yandex/yndx-shri-hw-react/api/src/utils/removePrefix.js
FNF:0
FNH:0
DA:1,1
DA:2,2
DA:3,2
LF:3
LH:3
BRDA:3,1,0,1
BRDA:3,1,1,1
BRF:2
BRH:2
end_of_record
TN:
SF:/Users/katesemenova/yandex/yndx-shri-hw-react/api/src/utils/cleanRelativePath.js
FNF:0
FNH:0
DA:1,1
DA:2,0
DA:3,0
DA:6,0
DA:7,0
DA:8,0
DA:11,0
LF:7
LH:1
BRDA:2,1,0,0
BRDA:2,1,1,0
BRDA:2,2,0,0
BRDA:2,2,1,0
BRDA:2,2,2,0
BRDA:7,3,0,0
BRDA:7,3,1,0
BRDA:7,4,0,0
BRDA:7,4,1,0
BRDA:7,4,2,0
BRF:10
BRH:0
end_of_record
TN:
SF:/Users/katesemenova/yandex/yndx-shri-hw-react/api/src/utils/getFirstPart.js
FNF:0
FNH:0
DA:1,1
DA:2,0
DA:3,0
LF:3
LH:1
BRF:0
BRH:0
end_of_record
